This file contains any messages produced by compilers while
running configure, to aid debugging if configure makes a mistake.

It was created by avr-libc configure 2.0.0, which was
generated by GNU Autoconf 2.69.  Invocation command line was

  $ ./configure --build=armv7l-unknown-linux-gnu --host=avr CC=c99

## --------- ##
## Platform. ##
## --------- ##

hostname = raspberrypi
uname -m = armv7l
uname -r = 4.9.59-v7+
uname -s = Linux
uname -v = #1047 SMP Sun Oct 29 12:19:23 GMT 2017

/usr/bin/uname -p = unknown
/bin/uname -X     = unknown

/bin/arch              = unknown
/usr/bin/arch -k       = unknown
/usr/convex/getsysinfo = unknown
/usr/bin/hostinfo      = unknown
/bin/machine           = unknown
/usr/bin/oslevel       = unknown
/bin/universe          = unknown

PATH: /usr/local/sbin
PATH: /usr/local/bin
PATH: /usr/sbin
PATH: /usr/bin
PATH: /sbin
PATH: /bin
PATH: /usr/local/games
PATH: /usr/games


## ----------- ##
## Core tests. ##
## ----------- ##

configure:2502: checking build system type
configure:2516: result: armv7l-unknown-linux-gnu
configure:2536: checking host system type
configure:2549: result: avr-unknown-none
configure:2573: checking if configuring for cross compile
configure:2593: result: yes
configure:2597: checking if target host is avr
configure:2601: result: yes
configure:2641: checking for a BSD-compatible install
configure:2709: result: /usr/bin/install -c
configure:2720: checking whether build environment is sane
configure:2775: result: yes
configure:2834: checking for avr-strip
configure:2864: result: no
configure:2874: checking for strip
configure:2890: found /usr/bin/strip
configure:2901: result: strip
configure:2913: WARNING: using cross tools not prefixed with host triplet
configure:2926: checking for a thread-safe mkdir -p
configure:2965: result: /bin/mkdir -p
configure:2972: checking for gawk
configure:3002: result: no
configure:2972: checking for mawk
configure:2988: found /usr/bin/mawk
configure:2999: result: mawk
configure:3010: checking whether make sets $(MAKE)
configure:3032: result: yes
configure:3061: checking whether make supports nested variables
configure:3078: result: yes
configure:3223: checking for avr-gcc
configure:3250: result: c99
configure:3519: checking for C compiler version
configure:3528: c99 --version >&5
gcc (Raspbian 6.3.0-18+rpi1) 6.3.0 20170516
Copyright (C) 2016 Free Software Foundation, Inc.
This is free software; see the source for copying conditions.  There is NO
warranty; not even for MERCHANTABILITY or FITNESS FOR A PARTICULAR PURPOSE.

configure:3539: $? = 0
configure:3528: c99 -v >&5
Using built-in specs.
COLLECT_GCC=gcc
COLLECT_LTO_WRAPPER=/usr/lib/gcc/arm-linux-gnueabihf/6/lto-wrapper
Target: arm-linux-gnueabihf
Configured with: ../src/configure -v --with-pkgversion='Raspbian 6.3.0-18+rpi1' --with-bugurl=file:///usr/share/doc/gcc-6/README.Bugs --enable-languages=c,ada,c++,java,go,d,fortran,objc,obj-c++ --prefix=/usr --program-suffix=-6 --program-prefix=arm-linux-gnueabihf- --enable-shared --enable-linker-build-id --libexecdir=/usr/lib --without-included-gettext --enable-threads=posix --libdir=/usr/lib --enable-nls --with-sysroot=/ --enable-clocale=gnu --enable-libstdcxx-debug --enable-libstdcxx-time=yes --with-default-libstdcxx-abi=new --enable-gnu-unique-object --disable-libitm --disable-libquadmath --enable-plugin --with-system-zlib --disable-browser-plugin --enable-java-awt=gtk --enable-gtk-cairo --with-java-home=/usr/lib/jvm/java-1.5.0-gcj-6-armhf/jre --enable-java-home --with-jvm-root-dir=/usr/lib/jvm/java-1.5.0-gcj-6-armhf --with-jvm-jar-dir=/usr/lib/jvm-exports/java-1.5.0-gcj-6-armhf --with-arch-directory=arm --with-ecj-jar=/usr/share/java/eclipse-ecj.jar --with-target-system-zlib --enable-objc-gc=auto --enable-multiarch --disable-sjlj-exceptions --with-arch=armv6 --with-fpu=vfp --with-float=hard --enable-checking=release --build=arm-linux-gnueabihf --host=arm-linux-gnueabihf --target=arm-linux-gnueabihf
Thread model: posix
gcc version 6.3.0 20170516 (Raspbian 6.3.0-18+rpi1) 
configure:3539: $? = 0
configure:3528: c99 -V >&5
gcc: error: unrecognized command line option '-V'
gcc: fatal error: no input files
compilation terminated.
configure:3539: $? = 1
configure:3528: c99 -qversion >&5
gcc: error: unrecognized command line option '-qversion'; did you mean '--version'?
gcc: fatal error: no input files
compilation terminated.
configure:3539: $? = 1
configure:3559: c99 -o conftest    conftest.c  >&5
configure:3563: $? = 0
configure:3582: checking whether the C compiler works
configure:3604: c99    conftest.c  >&5
configure:3608: $? = 0
configure:3656: result: yes
configure:3659: checking for C compiler default output file name
configure:3661: result: a.out
configure:3667: checking for suffix of executables
configure:3674: c99 -o conftest    conftest.c  >&5
configure:3678: $? = 0
configure:3700: result: 
configure:3722: checking whether we are cross compiling
configure:3760: result: yes
configure:3818: checking for suffix of object files
configure:3840: c99 -c   conftest.c >&5
configure:3844: $? = 0
configure:3865: result: o
configure:3869: checking whether we are using the GNU C compiler
configure:3888: c99 -c   conftest.c >&5
configure:3888: $? = 0
configure:3897: result: yes
configure:3906: checking whether c99 accepts -g
configure:3926: c99 -c -g  conftest.c >&5
configure:3926: $? = 0
configure:3967: result: yes
configure:3984: checking for c99 option to accept ISO C89
configure:4047: c99  -c   conftest.c >&5
configure:4047: $? = 0
configure:4060: result: none needed
configure:4085: checking whether c99 understands -c and -o together
configure:4107: c99 -c conftest.c -o conftest2.o
configure:4110: $? = 0
configure:4107: c99 -c conftest.c -o conftest2.o
configure:4110: $? = 0
configure:4122: result: yes
configure:4150: checking for style of include used by make
configure:4178: result: GNU
configure:4204: checking dependency style of c99
configure:4315: result: gcc3
configure:4333: checking for avr-as
configure:4363: result: no
configure:4373: checking for as
configure:4389: found /usr/bin/as
configure:4400: result: as
configure:4431: checking dependency style of c99
configure:4540: result: gcc3
configure:4558: checking for avr-ranlib
configure:4588: result: no
configure:4598: checking for ranlib
configure:4614: found /usr/bin/ranlib
configure:4625: result: ranlib
configure:4650: checking for avr-ar
configure:4680: result: no
configure:4690: checking for ar
configure:4706: found /usr/bin/ar
configure:4717: result: ar
configure:4749: error: Wrong C compiler found; check the PATH!

## ---------------- ##
## Cache variables. ##
## ---------------- ##

ac_cv_build=armv7l-unknown-linux-gnu
ac_cv_c_compiler_gnu=yes
ac_cv_env_CCASFLAGS_set=
ac_cv_env_CCASFLAGS_value=
ac_cv_env_CCAS_set=
ac_cv_env_CCAS_value=
ac_cv_env_CC_set=set
ac_cv_env_CC_value=c99
ac_cv_env_CFLAGS_set=
ac_cv_env_CFLAGS_value=
ac_cv_env_CPPFLAGS_set=
ac_cv_env_CPPFLAGS_value=
ac_cv_env_LDFLAGS_set=
ac_cv_env_LDFLAGS_value=
ac_cv_env_LIBS_set=
ac_cv_env_LIBS_value=
ac_cv_env_build_alias_set=set
ac_cv_env_build_alias_value=armv7l-unknown-linux-gnu
ac_cv_env_host_alias_set=set
ac_cv_env_host_alias_value=avr
ac_cv_env_target_alias_set=
ac_cv_env_target_alias_value=
ac_cv_host=avr-unknown-none
ac_cv_objext=o
ac_cv_path_install='/usr/bin/install -c'
ac_cv_path_mkdir=/bin/mkdir
ac_cv_prog_AWK=mawk
ac_cv_prog_CC=c99
ac_cv_prog_ac_ct_AR=ar
ac_cv_prog_ac_ct_AS=as
ac_cv_prog_ac_ct_RANLIB=ranlib
ac_cv_prog_ac_ct_STRIP=strip
ac_cv_prog_cc_c89=
ac_cv_prog_cc_g=yes
ac_cv_prog_make_make_set=yes
am_cv_CCAS_dependencies_compiler_type=gcc3
am_cv_CC_dependencies_compiler_type=gcc3
am_cv_make_support_nested_variables=yes
am_cv_prog_cc_c_o=yes

## ----------------- ##
## Output variables. ##
## ----------------- ##

ACLOCAL='${SHELL} /project/projectDaredevil/imu_read/avr-libc-2.0.0/missing aclocal-1.15'
AMDEPBACKSLASH='\'
AMDEP_FALSE='#'
AMDEP_TRUE=''
AMTAR='$${TAR-tar}'
AM_BACKSLASH='\'
AM_DEFAULT_V='$(AM_DEFAULT_VERBOSITY)'
AM_DEFAULT_VERBOSITY='1'
AM_V='$(V)'
AR='ar'
AS='as'
ASDEBUG=''
AUTOCONF='${SHELL} /project/projectDaredevil/imu_read/avr-libc-2.0.0/missing autoconf'
AUTOHEADER='${SHELL} /project/projectDaredevil/imu_read/avr-libc-2.0.0/missing autoheader'
AUTOMAKE='${SHELL} /project/projectDaredevil/imu_read/avr-libc-2.0.0/missing automake-1.15'
AVR_LIBC_MAJOR='2'
AVR_LIBC_MINOR='0'
AVR_LIBC_RELDATE='20150208'
AVR_LIBC_REVISION='0'
AVR_LIBC_USER_MANUAL=''
AVR_LIBC_VERSION='2.0.0'
AVR_LIBC_VERSION_NUMERIC='20000'
AWK='mawk'
CC='c99'
CCAS='c99'
CCASDEPMODE='depmode=gcc3'
CCASFLAGS=''
CCDEPMODE='depmode=gcc3'
CDEBUG=''
CFLAGS=''
CPPFLAGS=''
CYGPATH_W='echo'
DEFS=''
DEPDIR='.deps'
DOCSDIR=''
DOC_INST_DIR=''
ECHO_C=''
ECHO_N='-n'
ECHO_T=''
EXEEXT=''
FNO_JUMP_TABLES=''
HAS_DELAY_CYCLES=''
HAS_DEV_LIB_FALSE=''
HAS_DEV_LIB_TRUE=''
HAS_GCC_5_1_FALSE=''
HAS_GCC_5_1_TRUE=''
HAS_at43usb320_FALSE=''
HAS_at43usb320_TRUE=''
HAS_at43usb355_FALSE=''
HAS_at43usb355_TRUE=''
HAS_at76c711_FALSE=''
HAS_at76c711_TRUE=''
HAS_at86rf401_FALSE=''
HAS_at86rf401_TRUE=''
HAS_at90c8534_FALSE=''
HAS_at90c8534_TRUE=''
HAS_at90can128_FALSE=''
HAS_at90can128_TRUE=''
HAS_at90can32_FALSE=''
HAS_at90can32_TRUE=''
HAS_at90can64_FALSE=''
HAS_at90can64_TRUE=''
HAS_at90pwm161_FALSE=''
HAS_at90pwm161_TRUE=''
HAS_at90pwm1_FALSE=''
HAS_at90pwm1_TRUE=''
HAS_at90pwm216_FALSE=''
HAS_at90pwm216_TRUE=''
HAS_at90pwm2_FALSE=''
HAS_at90pwm2_TRUE=''
HAS_at90pwm2b_FALSE=''
HAS_at90pwm2b_TRUE=''
HAS_at90pwm316_FALSE=''
HAS_at90pwm316_TRUE=''
HAS_at90pwm3_FALSE=''
HAS_at90pwm3_TRUE=''
HAS_at90pwm3b_FALSE=''
HAS_at90pwm3b_TRUE=''
HAS_at90pwm81_FALSE=''
HAS_at90pwm81_TRUE=''
HAS_at90s1200_FALSE=''
HAS_at90s1200_TRUE=''
HAS_at90s2313_FALSE=''
HAS_at90s2313_TRUE=''
HAS_at90s2323_FALSE=''
HAS_at90s2323_TRUE=''
HAS_at90s2333_FALSE=''
HAS_at90s2333_TRUE=''
HAS_at90s2343_FALSE=''
HAS_at90s2343_TRUE=''
HAS_at90s4414_FALSE=''
HAS_at90s4414_TRUE=''
HAS_at90s4433_FALSE=''
HAS_at90s4433_TRUE=''
HAS_at90s4434_FALSE=''
HAS_at90s4434_TRUE=''
HAS_at90s8515_FALSE=''
HAS_at90s8515_TRUE=''
HAS_at90s8535_FALSE=''
HAS_at90s8535_TRUE=''
HAS_at90scr100_FALSE=''
HAS_at90scr100_TRUE=''
HAS_at90usb1286_FALSE=''
HAS_at90usb1286_TRUE=''
HAS_at90usb1287_FALSE=''
HAS_at90usb1287_TRUE=''
HAS_at90usb162_FALSE=''
HAS_at90usb162_TRUE=''
HAS_at90usb646_FALSE=''
HAS_at90usb646_TRUE=''
HAS_at90usb647_FALSE=''
HAS_at90usb647_TRUE=''
HAS_at90usb82_FALSE=''
HAS_at90usb82_TRUE=''
HAS_at94k_FALSE=''
HAS_at94k_TRUE=''
HAS_ata5272_FALSE=''
HAS_ata5272_TRUE=''
HAS_ata5505_FALSE=''
HAS_ata5505_TRUE=''
HAS_ata5702m322_FALSE=''
HAS_ata5702m322_TRUE=''
HAS_ata5782_FALSE=''
HAS_ata5782_TRUE=''
HAS_ata5790_FALSE=''
HAS_ata5790_TRUE=''
HAS_ata5790n_FALSE=''
HAS_ata5790n_TRUE=''
HAS_ata5795_FALSE=''
HAS_ata5795_TRUE=''
HAS_ata5831_FALSE=''
HAS_ata5831_TRUE=''
HAS_ata6285_FALSE=''
HAS_ata6285_TRUE=''
HAS_ata6286_FALSE=''
HAS_ata6286_TRUE=''
HAS_ata6289_FALSE=''
HAS_ata6289_TRUE=''
HAS_ata6612c_FALSE=''
HAS_ata6612c_TRUE=''
HAS_ata6613c_FALSE=''
HAS_ata6613c_TRUE=''
HAS_ata6614q_FALSE=''
HAS_ata6614q_TRUE=''
HAS_ata6616c_FALSE=''
HAS_ata6616c_TRUE=''
HAS_ata6617c_FALSE=''
HAS_ata6617c_TRUE=''
HAS_ata664251_FALSE=''
HAS_ata664251_TRUE=''
HAS_atmega103_FALSE=''
HAS_atmega103_TRUE=''
HAS_atmega1280_FALSE=''
HAS_atmega1280_TRUE=''
HAS_atmega1281_FALSE=''
HAS_atmega1281_TRUE=''
HAS_atmega1284_FALSE=''
HAS_atmega1284_TRUE=''
HAS_atmega1284p_FALSE=''
HAS_atmega1284p_TRUE=''
HAS_atmega1284rfr2_FALSE=''
HAS_atmega1284rfr2_TRUE=''
HAS_atmega128_FALSE=''
HAS_atmega128_TRUE=''
HAS_atmega128a_FALSE=''
HAS_atmega128a_TRUE=''
HAS_atmega128rfa1_FALSE=''
HAS_atmega128rfa1_TRUE=''
HAS_atmega128rfr2_FALSE=''
HAS_atmega128rfr2_TRUE=''
HAS_atmega161_FALSE=''
HAS_atmega161_TRUE=''
HAS_atmega162_FALSE=''
HAS_atmega162_TRUE=''
HAS_atmega163_FALSE=''
HAS_atmega163_TRUE=''
HAS_atmega164a_FALSE=''
HAS_atmega164a_TRUE=''
HAS_atmega164p_FALSE=''
HAS_atmega164p_TRUE=''
HAS_atmega164pa_FALSE=''
HAS_atmega164pa_TRUE=''
HAS_atmega165_FALSE=''
HAS_atmega165_TRUE=''
HAS_atmega165a_FALSE=''
HAS_atmega165a_TRUE=''
HAS_atmega165p_FALSE=''
HAS_atmega165p_TRUE=''
HAS_atmega165pa_FALSE=''
HAS_atmega165pa_TRUE=''
HAS_atmega168_FALSE=''
HAS_atmega168_TRUE=''
HAS_atmega168a_FALSE=''
HAS_atmega168a_TRUE=''
HAS_atmega168p_FALSE=''
HAS_atmega168p_TRUE=''
HAS_atmega168pa_FALSE=''
HAS_atmega168pa_TRUE=''
HAS_atmega169_FALSE=''
HAS_atmega169_TRUE=''
HAS_atmega169a_FALSE=''
HAS_atmega169a_TRUE=''
HAS_atmega169p_FALSE=''
HAS_atmega169p_TRUE=''
HAS_atmega169pa_FALSE=''
HAS_atmega169pa_TRUE=''
HAS_atmega16_FALSE=''
HAS_atmega16_TRUE=''
HAS_atmega16a_FALSE=''
HAS_atmega16a_TRUE=''
HAS_atmega16hva2_FALSE=''
HAS_atmega16hva2_TRUE=''
HAS_atmega16hva_FALSE=''
HAS_atmega16hva_TRUE=''
HAS_atmega16hvb_FALSE=''
HAS_atmega16hvb_TRUE=''
HAS_atmega16hvbrevb_FALSE=''
HAS_atmega16hvbrevb_TRUE=''
HAS_atmega16m1_FALSE=''
HAS_atmega16m1_TRUE=''
HAS_atmega16u2_FALSE=''
HAS_atmega16u2_TRUE=''
HAS_atmega16u4_FALSE=''
HAS_atmega16u4_TRUE=''
HAS_atmega2560_FALSE=''
HAS_atmega2560_TRUE=''
HAS_atmega2561_FALSE=''
HAS_atmega2561_TRUE=''
HAS_atmega2564rfr2_FALSE=''
HAS_atmega2564rfr2_TRUE=''
HAS_atmega256rfr2_FALSE=''
HAS_atmega256rfr2_TRUE=''
HAS_atmega323_FALSE=''
HAS_atmega323_TRUE=''
HAS_atmega324a_FALSE=''
HAS_atmega324a_TRUE=''
HAS_atmega324p_FALSE=''
HAS_atmega324p_TRUE=''
HAS_atmega324pa_FALSE=''
HAS_atmega324pa_TRUE=''
HAS_atmega3250_FALSE=''
HAS_atmega3250_TRUE=''
HAS_atmega3250a_FALSE=''
HAS_atmega3250a_TRUE=''
HAS_atmega3250p_FALSE=''
HAS_atmega3250p_TRUE=''
HAS_atmega3250pa_FALSE=''
HAS_atmega3250pa_TRUE=''
HAS_atmega325_FALSE=''
HAS_atmega325_TRUE=''
HAS_atmega325a_FALSE=''
HAS_atmega325a_TRUE=''
HAS_atmega325p_FALSE=''
HAS_atmega325p_TRUE=''
HAS_atmega325pa_FALSE=''
HAS_atmega325pa_TRUE=''
HAS_atmega328_FALSE=''
HAS_atmega328_TRUE=''
HAS_atmega328p_FALSE=''
HAS_atmega328p_TRUE=''
HAS_atmega3290_FALSE=''
HAS_atmega3290_TRUE=''
HAS_atmega3290a_FALSE=''
HAS_atmega3290a_TRUE=''
HAS_atmega3290p_FALSE=''
HAS_atmega3290p_TRUE=''
HAS_atmega3290pa_FALSE=''
HAS_atmega3290pa_TRUE=''
HAS_atmega329_FALSE=''
HAS_atmega329_TRUE=''
HAS_atmega329a_FALSE=''
HAS_atmega329a_TRUE=''
HAS_atmega329p_FALSE=''
HAS_atmega329p_TRUE=''
HAS_atmega329pa_FALSE=''
HAS_atmega329pa_TRUE=''
HAS_atmega32_FALSE=''
HAS_atmega32_TRUE=''
HAS_atmega32a_FALSE=''
HAS_atmega32a_TRUE=''
HAS_atmega32c1_FALSE=''
HAS_atmega32c1_TRUE=''
HAS_atmega32hvb_FALSE=''
HAS_atmega32hvb_TRUE=''
HAS_atmega32hvbrevb_FALSE=''
HAS_atmega32hvbrevb_TRUE=''
HAS_atmega32m1_FALSE=''
HAS_atmega32m1_TRUE=''
HAS_atmega32u2_FALSE=''
HAS_atmega32u2_TRUE=''
HAS_atmega32u4_FALSE=''
HAS_atmega32u4_TRUE=''
HAS_atmega32u6_FALSE=''
HAS_atmega32u6_TRUE=''
HAS_atmega406_FALSE=''
HAS_atmega406_TRUE=''
HAS_atmega48_FALSE=''
HAS_atmega48_TRUE=''
HAS_atmega48a_FALSE=''
HAS_atmega48a_TRUE=''
HAS_atmega48p_FALSE=''
HAS_atmega48p_TRUE=''
HAS_atmega48pa_FALSE=''
HAS_atmega48pa_TRUE=''
HAS_atmega48pb_FALSE=''
HAS_atmega48pb_TRUE=''
HAS_atmega640_FALSE=''
HAS_atmega640_TRUE=''
HAS_atmega644_FALSE=''
HAS_atmega644_TRUE=''
HAS_atmega644a_FALSE=''
HAS_atmega644a_TRUE=''
HAS_atmega644p_FALSE=''
HAS_atmega644p_TRUE=''
HAS_atmega644pa_FALSE=''
HAS_atmega644pa_TRUE=''
HAS_atmega644rfr2_FALSE=''
HAS_atmega644rfr2_TRUE=''
HAS_atmega6450_FALSE=''
HAS_atmega6450_TRUE=''
HAS_atmega6450a_FALSE=''
HAS_atmega6450a_TRUE=''
HAS_atmega6450p_FALSE=''
HAS_atmega6450p_TRUE=''
HAS_atmega645_FALSE=''
HAS_atmega645_TRUE=''
HAS_atmega645a_FALSE=''
HAS_atmega645a_TRUE=''
HAS_atmega645p_FALSE=''
HAS_atmega645p_TRUE=''
HAS_atmega6490_FALSE=''
HAS_atmega6490_TRUE=''
HAS_atmega6490a_FALSE=''
HAS_atmega6490a_TRUE=''
HAS_atmega6490p_FALSE=''
HAS_atmega6490p_TRUE=''
HAS_atmega649_FALSE=''
HAS_atmega649_TRUE=''
HAS_atmega649a_FALSE=''
HAS_atmega649a_TRUE=''
HAS_atmega649p_FALSE=''
HAS_atmega649p_TRUE=''
HAS_atmega64_FALSE=''
HAS_atmega64_TRUE=''
HAS_atmega64a_FALSE=''
HAS_atmega64a_TRUE=''
HAS_atmega64c1_FALSE=''
HAS_atmega64c1_TRUE=''
HAS_atmega64hve2_FALSE=''
HAS_atmega64hve2_TRUE=''
HAS_atmega64hve_FALSE=''
HAS_atmega64hve_TRUE=''
HAS_atmega64m1_FALSE=''
HAS_atmega64m1_TRUE=''
HAS_atmega64rfr2_FALSE=''
HAS_atmega64rfr2_TRUE=''
HAS_atmega8515_FALSE=''
HAS_atmega8515_TRUE=''
HAS_atmega8535_FALSE=''
HAS_atmega8535_TRUE=''
HAS_atmega88_FALSE=''
HAS_atmega88_TRUE=''
HAS_atmega88a_FALSE=''
HAS_atmega88a_TRUE=''
HAS_atmega88p_FALSE=''
HAS_atmega88p_TRUE=''
HAS_atmega88pa_FALSE=''
HAS_atmega88pa_TRUE=''
HAS_atmega88pb_FALSE=''
HAS_atmega88pb_TRUE=''
HAS_atmega8_FALSE=''
HAS_atmega8_TRUE=''
HAS_atmega8a_FALSE=''
HAS_atmega8a_TRUE=''
HAS_atmega8hva_FALSE=''
HAS_atmega8hva_TRUE=''
HAS_atmega8u2_FALSE=''
HAS_atmega8u2_TRUE=''
HAS_attiny10_FALSE=''
HAS_attiny10_TRUE=''
HAS_attiny11_FALSE=''
HAS_attiny11_TRUE=''
HAS_attiny12_FALSE=''
HAS_attiny12_TRUE=''
HAS_attiny13_FALSE=''
HAS_attiny13_TRUE=''
HAS_attiny13a_FALSE=''
HAS_attiny13a_TRUE=''
HAS_attiny15_FALSE=''
HAS_attiny15_TRUE=''
HAS_attiny1634_FALSE=''
HAS_attiny1634_TRUE=''
HAS_attiny167_FALSE=''
HAS_attiny167_TRUE=''
HAS_attiny20_FALSE=''
HAS_attiny20_TRUE=''
HAS_attiny22_FALSE=''
HAS_attiny22_TRUE=''
HAS_attiny2313_FALSE=''
HAS_attiny2313_TRUE=''
HAS_attiny2313a_FALSE=''
HAS_attiny2313a_TRUE=''
HAS_attiny24_FALSE=''
HAS_attiny24_TRUE=''
HAS_attiny24a_FALSE=''
HAS_attiny24a_TRUE=''
HAS_attiny25_FALSE=''
HAS_attiny25_TRUE=''
HAS_attiny261_FALSE=''
HAS_attiny261_TRUE=''
HAS_attiny261a_FALSE=''
HAS_attiny261a_TRUE=''
HAS_attiny26_FALSE=''
HAS_attiny26_TRUE=''
HAS_attiny28_FALSE=''
HAS_attiny28_TRUE=''
HAS_attiny40_FALSE=''
HAS_attiny40_TRUE=''
HAS_attiny4313_FALSE=''
HAS_attiny4313_TRUE=''
HAS_attiny43u_FALSE=''
HAS_attiny43u_TRUE=''
HAS_attiny441_FALSE=''
HAS_attiny441_TRUE=''
HAS_attiny44_FALSE=''
HAS_attiny44_TRUE=''
HAS_attiny44a_FALSE=''
HAS_attiny44a_TRUE=''
HAS_attiny45_FALSE=''
HAS_attiny45_TRUE=''
HAS_attiny461_FALSE=''
HAS_attiny461_TRUE=''
HAS_attiny461a_FALSE=''
HAS_attiny461a_TRUE=''
HAS_attiny48_FALSE=''
HAS_attiny48_TRUE=''
HAS_attiny4_FALSE=''
HAS_attiny4_TRUE=''
HAS_attiny5_FALSE=''
HAS_attiny5_TRUE=''
HAS_attiny828_FALSE=''
HAS_attiny828_TRUE=''
HAS_attiny841_FALSE=''
HAS_attiny841_TRUE=''
HAS_attiny84_FALSE=''
HAS_attiny84_TRUE=''
HAS_attiny84a_FALSE=''
HAS_attiny84a_TRUE=''
HAS_attiny85_FALSE=''
HAS_attiny85_TRUE=''
HAS_attiny861_FALSE=''
HAS_attiny861_TRUE=''
HAS_attiny861a_FALSE=''
HAS_attiny861a_TRUE=''
HAS_attiny87_FALSE=''
HAS_attiny87_TRUE=''
HAS_attiny88_FALSE=''
HAS_attiny88_TRUE=''
HAS_attiny9_FALSE=''
HAS_attiny9_TRUE=''
HAS_atxmega128a1_FALSE=''
HAS_atxmega128a1_TRUE=''
HAS_atxmega128a1u_FALSE=''
HAS_atxmega128a1u_TRUE=''
HAS_atxmega128a3_FALSE=''
HAS_atxmega128a3_TRUE=''
HAS_atxmega128a3u_FALSE=''
HAS_atxmega128a3u_TRUE=''
HAS_atxmega128a4u_FALSE=''
HAS_atxmega128a4u_TRUE=''
HAS_atxmega128b1_FALSE=''
HAS_atxmega128b1_TRUE=''
HAS_atxmega128b3_FALSE=''
HAS_atxmega128b3_TRUE=''
HAS_atxmega128c3_FALSE=''
HAS_atxmega128c3_TRUE=''
HAS_atxmega128d3_FALSE=''
HAS_atxmega128d3_TRUE=''
HAS_atxmega128d4_FALSE=''
HAS_atxmega128d4_TRUE=''
HAS_atxmega16a4_FALSE=''
HAS_atxmega16a4_TRUE=''
HAS_atxmega16a4u_FALSE=''
HAS_atxmega16a4u_TRUE=''
HAS_atxmega16c4_FALSE=''
HAS_atxmega16c4_TRUE=''
HAS_atxmega16d4_FALSE=''
HAS_atxmega16d4_TRUE=''
HAS_atxmega192a3_FALSE=''
HAS_atxmega192a3_TRUE=''
HAS_atxmega192a3u_FALSE=''
HAS_atxmega192a3u_TRUE=''
HAS_atxmega192c3_FALSE=''
HAS_atxmega192c3_TRUE=''
HAS_atxmega192d3_FALSE=''
HAS_atxmega192d3_TRUE=''
HAS_atxmega256a3_FALSE=''
HAS_atxmega256a3_TRUE=''
HAS_atxmega256a3b_FALSE=''
HAS_atxmega256a3b_TRUE=''
HAS_atxmega256a3bu_FALSE=''
HAS_atxmega256a3bu_TRUE=''
HAS_atxmega256a3u_FALSE=''
HAS_atxmega256a3u_TRUE=''
HAS_atxmega256c3_FALSE=''
HAS_atxmega256c3_TRUE=''
HAS_atxmega256d3_FALSE=''
HAS_atxmega256d3_TRUE=''
HAS_atxmega32a4_FALSE=''
HAS_atxmega32a4_TRUE=''
HAS_atxmega32a4u_FALSE=''
HAS_atxmega32a4u_TRUE=''
HAS_atxmega32c3_FALSE=''
HAS_atxmega32c3_TRUE=''
HAS_atxmega32c4_FALSE=''
HAS_atxmega32c4_TRUE=''
HAS_atxmega32d3_FALSE=''
HAS_atxmega32d3_TRUE=''
HAS_atxmega32d4_FALSE=''
HAS_atxmega32d4_TRUE=''
HAS_atxmega32e5_FALSE=''
HAS_atxmega32e5_TRUE=''
HAS_atxmega384c3_FALSE=''
HAS_atxmega384c3_TRUE=''
HAS_atxmega384d3_FALSE=''
HAS_atxmega384d3_TRUE=''
HAS_atxmega64a1_FALSE=''
HAS_atxmega64a1_TRUE=''
HAS_atxmega64a1u_FALSE=''
HAS_atxmega64a1u_TRUE=''
HAS_atxmega64a3_FALSE=''
HAS_atxmega64a3_TRUE=''
HAS_atxmega64a3u_FALSE=''
HAS_atxmega64a3u_TRUE=''
HAS_atxmega64a4u_FALSE=''
HAS_atxmega64a4u_TRUE=''
HAS_atxmega64b1_FALSE=''
HAS_atxmega64b1_TRUE=''
HAS_atxmega64b3_FALSE=''
HAS_atxmega64b3_TRUE=''
HAS_atxmega64c3_FALSE=''
HAS_atxmega64c3_TRUE=''
HAS_atxmega64d3_FALSE=''
HAS_atxmega64d3_TRUE=''
HAS_atxmega64d4_FALSE=''
HAS_atxmega64d4_TRUE=''
HAS_atxmega8e5_FALSE=''
HAS_atxmega8e5_TRUE=''
HAS_avr1_FALSE=''
HAS_avr1_TRUE=''
HAS_avr25_FALSE=''
HAS_avr25_TRUE=''
HAS_avr2_FALSE=''
HAS_avr2_TRUE=''
HAS_avr31_FALSE=''
HAS_avr31_TRUE=''
HAS_avr35_FALSE=''
HAS_avr35_TRUE=''
HAS_avr3_FALSE=''
HAS_avr3_TRUE=''
HAS_avr4_FALSE=''
HAS_avr4_TRUE=''
HAS_avr51_FALSE=''
HAS_avr51_TRUE=''
HAS_avr5_FALSE=''
HAS_avr5_TRUE=''
HAS_avr6_FALSE=''
HAS_avr6_TRUE=''
HAS_avrtiny_FALSE=''
HAS_avrtiny_TRUE=''
HAS_avrxmega2_FALSE=''
HAS_avrxmega2_TRUE=''
HAS_avrxmega4_FALSE=''
HAS_avrxmega4_TRUE=''
HAS_avrxmega5_FALSE=''
HAS_avrxmega5_TRUE=''
HAS_avrxmega6_FALSE=''
HAS_avrxmega6_TRUE=''
HAS_avrxmega7_FALSE=''
HAS_avrxmega7_TRUE=''
HAS_m3000_FALSE=''
HAS_m3000_TRUE=''
INSTALL_DATA='${INSTALL} -m 644'
INSTALL_DOX_HTML=''
INSTALL_DOX_MAN=''
INSTALL_DOX_PDF=''
INSTALL_PROGRAM='${INSTALL}'
INSTALL_SCRIPT='${INSTALL}'
INSTALL_STRIP_PROGRAM='$(install_sh) -c -s'
LDFLAGS=''
LIBOBJS=''
LIBS=''
LN_S=''
LTLIBOBJS=''
MAKEINFO='${SHELL} /project/projectDaredevil/imu_read/avr-libc-2.0.0/missing makeinfo'
MKDIR_P='/bin/mkdir -p'
OBJEXT='o'
PACKAGE='avr-libc'
PACKAGE_BUGREPORT='avr-libc-dev@nongnu.org'
PACKAGE_NAME='avr-libc'
PACKAGE_STRING='avr-libc 2.0.0'
PACKAGE_TARNAME='avr-libc'
PACKAGE_URL=''
PACKAGE_VERSION='2.0.0'
PATH_SEPARATOR=':'
PNGTOPNM=''
PNMTOPNG=''
RANLIB='ranlib'
SET_MAKE=''
SHELL='/bin/bash'
STRIP='strip'
TARGET_DOX_HTML=''
TARGET_DOX_PDF=''
VERSION='2.0.0'
ac_ct_CC=''
am__EXEEXT_FALSE=''
am__EXEEXT_TRUE=''
am__fastdepCCAS_FALSE='#'
am__fastdepCCAS_TRUE=''
am__fastdepCC_FALSE='#'
am__fastdepCC_TRUE=''
am__include='include'
am__isrc=''
am__leading_dot='.'
am__nodep='_no'
am__quote=''
am__tar='$${TAR-tar} chof - "$$tardir"'
am__untar='$${TAR-tar} xf -'
bindir='${exec_prefix}/bin'
build='armv7l-unknown-linux-gnu'
build_alias='armv7l-unknown-linux-gnu'
build_cpu='armv7l'
build_os='linux-gnu'
build_vendor='unknown'
datadir='${datarootdir}'
datarootdir='${prefix}/share'
docdir='${datarootdir}/doc/${PACKAGE_TARNAME}'
dvidir='${docdir}'
exec_prefix='NONE'
host='avr-unknown-none'
host_alias='avr'
host_cpu='avr'
host_os='none'
host_vendor='unknown'
htmldir='${docdir}'
includedir='${prefix}/include'
infodir='${datarootdir}/info'
install_sh='${SHELL} /project/projectDaredevil/imu_read/avr-libc-2.0.0/install-sh'
libdir='${exec_prefix}/lib'
libexecdir='${exec_prefix}/libexec'
localedir='${datarootdir}/locale'
localstatedir='${prefix}/var'
mandir='${datarootdir}/man'
mkdir_p='$(MKDIR_P)'
oldincludedir='/usr/include'
pdfdir='${docdir}'
prefix='NONE'
program_transform_name='s,x,x,'
psdir='${docdir}'
sbindir='${exec_prefix}/sbin'
sharedstatedir='${prefix}/com'
sysconfdir='${prefix}/etc'
target_alias=''

## ----------- ##
## confdefs.h. ##
## ----------- ##

/* confdefs.h */
#define PACKAGE_NAME "avr-libc"
#define PACKAGE_TARNAME "avr-libc"
#define PACKAGE_VERSION "2.0.0"
#define PACKAGE_STRING "avr-libc 2.0.0"
#define PACKAGE_BUGREPORT "avr-libc-dev@nongnu.org"
#define PACKAGE_URL ""
#define PACKAGE "avr-libc"
#define VERSION "2.0.0"

configure: exit 1
